  debug.cpp
  image_png.cpp
  keyboard.cpp
  mouse.cpp
  NFont.cpp
  SDL_FontCache.cpp
C:\Users\alvar\source\repos\TetrisCorreccion\0. C++ Code\Graphic Lib\NFont\SDL_FontCache.cpp(205,25): warning C4309: '=': truncamiento de valor constante
C:\Users\alvar\source\repos\TetrisCorreccion\0. C++ Code\Graphic Lib\NFont\SDL_FontCache.cpp(216,25): warning C4309: '=': truncamiento de valor constante
  sound.cpp
  sprites.cpp
  stb_vorbis.cpp
  video.cpp
  Figura.cpp
  Joc.cpp
C:\Users\alvar\source\repos\TetrisCorreccion\0. C++ Code\Logic Game\Joc.cpp(159,119): warning C4244: 'argumento': conversión de 'int' a 'float'; posible pérdida de datos
C:\Users\alvar\source\repos\TetrisCorreccion\0. C++ Code\Logic Game\Joc.cpp(159,78): warning C4244: 'argumento': conversión de 'int' a 'float'; posible pérdida de datos
  Partida.cpp
  GraphicManager.cpp
C:\Users\alvar\source\repos\TetrisCorreccion\0. C++ Code\Logic Game\GraphicManager.cpp(35,37): warning C4244: 'argumento': conversión de 'float' a 'int'; posible pérdida de datos
C:\Users\alvar\source\repos\TetrisCorreccion\0. C++ Code\Logic Game\GraphicManager.cpp(35,31): warning C4244: 'argumento': conversión de 'float' a 'int'; posible pérdida de datos
  main.cpp
  Tauler.cpp
  Generando código
  Previous IPDB not found, fall back to full compilation.
  All 220 functions were compiled because no usable IPDB/IOBJ from previous compilation was found.
  Generación de código finalizada
  MP_Practica.vcxproj -> C:\Users\alvar\source\repos\TetrisCorreccion\2. Platforms\0. Windows Desktop\Program\MP_Practica.exe
